2024-02-05T09:46:59+00:00 CRITICAL Uncaught ArgumentCountError: Too few arguments to function add_column_product_list(), 1 passed in C:\xampp\htdocs\practice-plugin-wordpress\wp-includes\class-wp-hook.php on line 324 and exactly 2 expected in C:\xampp\htdocs\practice-plugin-wordpress\wp-content\themes\miniapp-film\functions.php:121
Stack trace:
#0 C:\xampp\htdocs\practice-plugin-wordpress\wp-includes\class-wp-hook.php(324): add_column_product_list(Array)
#1 C:\xampp\htdocs\practice-plugin-wordpress\wp-includes\plugin.php(205): WP_Hook->apply_filters(Array, Array)
#2 C:\xampp\htdocs\practice-plugin-wordpress\wp-admin\includes\screen.php(37): apply_filters('manage_edit-pro...', Array)
#3 C:\xampp\htdocs\practice-plugin-wordpress\wp-admin\includes\class-wp-screen.php(998): get_column_headers(Object(WP_Screen))
#4 C:\xampp\htdocs\practice-plugin-wordpress\wp-admin\includes\class-wp-screen.php(959): WP_Screen->show_screen_options()
#5 C:\xampp\htdocs\practice-plugin-wordpress\wp-admin\admin-header.php(281): WP_Screen->render_screen_meta()
#6 C:\xampp\htdocs\practice-plugin-wordpress\wp-admin\edit.php(411): require_once('C:\\xampp\\htdocs...')
#7 {main}
  thrown in C:\xampp\htdocs\practice-plugin-wordpress\wp-content\themes\miniapp-film\functions.php on line 121

2024-02-05T10:03:30+00:00 CRITICAL Uncaught TypeError: array_splice(): Argument #3 ($length) must be of type ?int, string given in C:\xampp\htdocs\practice-plugin-wordpress\wp-content\themes\miniapp-film\functions.php:123
Stack trace:
#0 C:\xampp\htdocs\practice-plugin-wordpress\wp-content\themes\miniapp-film\functions.php(123): array_splice(Array, 2, '_film_selected', Array)
#1 C:\xampp\htdocs\practice-plugin-wordpress\wp-includes\class-wp-hook.php(324): show_product_film(Array)
#2 C:\xampp\htdocs\practice-plugin-wordpress\wp-includes\plugin.php(205): WP_Hook->apply_filters(Array, Array)
#3 C:\xampp\htdocs\practice-plugin-wordpress\wp-admin\includes\screen.php(37): apply_filters('manage_edit-pro...', Array)
#4 C:\xampp\htdocs\practice-plugin-wordpress\wp-admin\includes\class-wp-screen.php(998): get_column_headers(Object(WP_Screen))
#5 C:\xampp\htdocs\practice-plugin-wordpress\wp-admin\includes\class-wp-screen.php(959): WP_Screen->show_screen_options()
#6 C:\xampp\htdocs\practice-plugin-wordpress\wp-admin\admin-header.php(281): WP_Screen->render_screen_meta()
#7 C:\xampp\htdocs\practice-plugin-wordpress\wp-admin\edit.php(411): require_once('C:\\xampp\\htdocs...')
#8 {main}
  thrown in C:\xampp\htdocs\practice-plugin-wordpress\wp-content\themes\miniapp-film\functions.php on line 123

2024-02-05T13:02:52+00:00 CRITICAL Uncaught Error: Call to undefined method wpdb::get_current_user() in C:\xampp\htdocs\practice-plugin-wordpress\wp-content\themes\miniapp-film\templates\admin.php:47
Stack trace:
#0 C:\xampp\htdocs\practice-plugin-wordpress\wp-content\themes\miniapp-film\functions.php(80): require_once()
#1 C:\xampp\htdocs\practice-plugin-wordpress\wp-includes\class-wp-hook.php(324): pageTemplate('')
#2 C:\xampp\htdocs\practice-plugin-wordpress\wp-includes\class-wp-hook.php(348): WP_Hook->apply_filters('', Array)
#3 C:\xampp\htdocs\practice-plugin-wordpress\wp-includes\plugin.php(517): WP_Hook->do_action(Array)
#4 C:\xampp\htdocs\practice-plugin-wordpress\wp-admin\admin.php(259): do_action('toplevel_page_d...')
#5 {main}
  thrown in C:\xampp\htdocs\practice-plugin-wordpress\wp-content\themes\miniapp-film\templates\admin.php on line 47

