2024-03-23T15:14:51+00:00 CRITICAL Uncaught TypeError: call_user_func_array(): Argument #1 ($callback) must be a valid callback, array callback must have exactly two members in C:\xampp\htdocs\practice-plugin-wordpress\wp-includes\class-wp-hook.php:324
Stack trace:
#0 C:\xampp\htdocs\practice-plugin-wordpress\wp-includes\class-wp-hook.php(348): WP_Hook->apply_filters(NULL, Array)
#1 C:\xampp\htdocs\practice-plugin-wordpress\wp-includes\plugin.php(517): WP_Hook->do_action(Array)
#2 C:\xampp\htdocs\practice-plugin-wordpress\wp-admin\includes\menu.php(161): do_action('admin_menu', '')
#3 C:\xampp\htdocs\practice-plugin-wordpress\wp-admin\menu.php(417): require_once('C:\\xampp\\htdocs...')
#4 C:\xampp\htdocs\practice-plugin-wordpress\wp-admin\admin.php(158): require('C:\\xampp\\htdocs...')
#5 C:\xampp\htdocs\practice-plugin-wordpress\wp-admin\plugins.php(10): require_once('C:\\xampp\\htdocs...')
#6 {main}
  thrown in C:\xampp\htdocs\practice-plugin-wordpress\wp-includes\class-wp-hook.php on line 324

2024-03-23T15:15:36+00:00 CRITICAL Uncaught TypeError: call_user_func_array(): Argument #1 ($callback) must be a valid callback, array callback must have exactly two members in C:\xampp\htdocs\practice-plugin-wordpress\wp-includes\class-wp-hook.php:324
Stack trace:
#0 C:\xampp\htdocs\practice-plugin-wordpress\wp-includes\class-wp-hook.php(348): WP_Hook->apply_filters(NULL, Array)
#1 C:\xampp\htdocs\practice-plugin-wordpress\wp-includes\plugin.php(517): WP_Hook->do_action(Array)
#2 C:\xampp\htdocs\practice-plugin-wordpress\wp-admin\includes\menu.php(161): do_action('admin_menu', '')
#3 C:\xampp\htdocs\practice-plugin-wordpress\wp-admin\menu.php(417): require_once('C:\\xampp\\htdocs...')
#4 C:\xampp\htdocs\practice-plugin-wordpress\wp-admin\admin.php(158): require('C:\\xampp\\htdocs...')
#5 C:\xampp\htdocs\practice-plugin-wordpress\wp-admin\plugins.php(10): require_once('C:\\xampp\\htdocs...')
#6 {main}
  thrown in C:\xampp\htdocs\practice-plugin-wordpress\wp-includes\class-wp-hook.php on line 324

2024-03-23T15:15:40+00:00 CRITICAL Uncaught TypeError: call_user_func_array(): Argument #1 ($callback) must be a valid callback, array callback must have exactly two members in C:\xampp\htdocs\practice-plugin-wordpress\wp-includes\class-wp-hook.php:324
Stack trace:
#0 C:\xampp\htdocs\practice-plugin-wordpress\wp-includes\class-wp-hook.php(348): WP_Hook->apply_filters(NULL, Array)
#1 C:\xampp\htdocs\practice-plugin-wordpress\wp-includes\plugin.php(517): WP_Hook->do_action(Array)
#2 C:\xampp\htdocs\practice-plugin-wordpress\wp-admin\includes\menu.php(161): do_action('admin_menu', '')
#3 C:\xampp\htdocs\practice-plugin-wordpress\wp-admin\menu.php(417): require_once('C:\\xampp\\htdocs...')
#4 C:\xampp\htdocs\practice-plugin-wordpress\wp-admin\admin.php(158): require('C:\\xampp\\htdocs...')
#5 C:\xampp\htdocs\practice-plugin-wordpress\wp-admin\index.php(10): require_once('C:\\xampp\\htdocs...')
#6 {main}
  thrown in C:\xampp\htdocs\practice-plugin-wordpress\wp-includes\class-wp-hook.php on line 324

2024-03-23T15:18:55+00:00 CRITICAL Uncaught TypeError: call_user_func_array(): Argument #1 ($callback) must be a valid callback, array callback must have exactly two members in C:\xampp\htdocs\practice-plugin-wordpress\wp-includes\class-wp-hook.php:324
Stack trace:
#0 C:\xampp\htdocs\practice-plugin-wordpress\wp-includes\class-wp-hook.php(348): WP_Hook->apply_filters(NULL, Array)
#1 C:\xampp\htdocs\practice-plugin-wordpress\wp-includes\plugin.php(517): WP_Hook->do_action(Array)
#2 C:\xampp\htdocs\practice-plugin-wordpress\wp-admin\includes\menu.php(161): do_action('admin_menu', '')
#3 C:\xampp\htdocs\practice-plugin-wordpress\wp-admin\menu.php(417): require_once('C:\\xampp\\htdocs...')
#4 C:\xampp\htdocs\practice-plugin-wordpress\wp-admin\admin.php(158): require('C:\\xampp\\htdocs...')
#5 C:\xampp\htdocs\practice-plugin-wordpress\wp-admin\index.php(10): require_once('C:\\xampp\\htdocs...')
#6 {main}
  thrown in C:\xampp\htdocs\practice-plugin-wordpress\wp-includes\class-wp-hook.php on line 324

2024-03-23T15:20:48+00:00 CRITICAL Uncaught TypeError: call_user_func_array(): Argument #1 ($callback) must be a valid callback, array callback must have exactly two members in C:\xampp\htdocs\practice-plugin-wordpress\wp-includes\class-wp-hook.php:324
Stack trace:
#0 C:\xampp\htdocs\practice-plugin-wordpress\wp-includes\class-wp-hook.php(348): WP_Hook->apply_filters(NULL, Array)
#1 C:\xampp\htdocs\practice-plugin-wordpress\wp-includes\plugin.php(517): WP_Hook->do_action(Array)
#2 C:\xampp\htdocs\practice-plugin-wordpress\wp-admin\includes\menu.php(161): do_action('admin_menu', '')
#3 C:\xampp\htdocs\practice-plugin-wordpress\wp-admin\menu.php(417): require_once('C:\\xampp\\htdocs...')
#4 C:\xampp\htdocs\practice-plugin-wordpress\wp-admin\admin.php(158): require('C:\\xampp\\htdocs...')
#5 C:\xampp\htdocs\practice-plugin-wordpress\wp-admin\index.php(10): require_once('C:\\xampp\\htdocs...')
#6 {main}
  thrown in C:\xampp\htdocs\practice-plugin-wordpress\wp-includes\class-wp-hook.php on line 324

2024-03-23T15:22:01+00:00 CRITICAL Uncaught Error: Call to undefined function rename_woocommerce() in C:\xampp\htdocs\practice-plugin-wordpress\wp-content\plugins\miniapp-film\miniapp-film.php:376
Stack trace:
#0 C:\xampp\htdocs\practice-plugin-wordpress\wp-includes\class-wp-hook.php(324): MiniappFilm->rename_woocoomerce('')
#1 C:\xampp\htdocs\practice-plugin-wordpress\wp-includes\class-wp-hook.php(348): WP_Hook->apply_filters(NULL, Array)
#2 C:\xampp\htdocs\practice-plugin-wordpress\wp-includes\plugin.php(517): WP_Hook->do_action(Array)
#3 C:\xampp\htdocs\practice-plugin-wordpress\wp-admin\includes\menu.php(161): do_action('admin_menu', '')
#4 C:\xampp\htdocs\practice-plugin-wordpress\wp-admin\menu.php(417): require_once('C:\\xampp\\htdocs...')
#5 C:\xampp\htdocs\practice-plugin-wordpress\wp-admin\admin.php(158): require('C:\\xampp\\htdocs...')
#6 C:\xampp\htdocs\practice-plugin-wordpress\wp-admin\index.php(10): require_once('C:\\xampp\\htdocs...')
#7 {main}
  thrown in C:\xampp\htdocs\practice-plugin-wordpress\wp-content\plugins\miniapp-film\miniapp-film.php on line 376

2024-03-23T15:26:11+00:00 CRITICAL Uncaught Error: Call to undefined function rename_woocommerce() in C:\xampp\htdocs\practice-plugin-wordpress\wp-content\plugins\miniapp-film\miniapp-film.php:389
Stack trace:
#0 C:\xampp\htdocs\practice-plugin-wordpress\wp-content\plugins\miniapp-film\miniapp-film.php(376): MiniappFilm->rename_woocommerce('WooCommerce', Array)
#1 C:\xampp\htdocs\practice-plugin-wordpress\wp-includes\class-wp-hook.php(324): MiniappFilm->rename_woocoomerce('')
#2 C:\xampp\htdocs\practice-plugin-wordpress\wp-includes\class-wp-hook.php(348): WP_Hook->apply_filters(NULL, Array)
#3 C:\xampp\htdocs\practice-plugin-wordpress\wp-includes\plugin.php(517): WP_Hook->do_action(Array)
#4 C:\xampp\htdocs\practice-plugin-wordpress\wp-admin\includes\menu.php(161): do_action('admin_menu', '')
#5 C:\xampp\htdocs\practice-plugin-wordpress\wp-admin\menu.php(417): require_once('C:\\xampp\\htdocs...')
#6 C:\xampp\htdocs\practice-plugin-wordpress\wp-admin\admin.php(158): require('C:\\xampp\\htdocs...')
#7 C:\xampp\htdocs\practice-plugin-wordpress\wp-admin\index.php(10): require_once('C:\\xampp\\htdocs...')
#8 {main}
  thrown in C:\xampp\htdocs\practice-plugin-wordpress\wp-content\plugins\miniapp-film\miniapp-film.php on line 389

2024-03-23T15:26:45+00:00 CRITICAL Uncaught Error: Call to undefined function cs_get_filter_options() in C:\xampp\htdocs\practice-plugin-wordpress\wp-content\plugins\miniapp-film\miniapp-film.php:252
Stack trace:
#0 C:\xampp\htdocs\practice-plugin-wordpress\wp-includes\class-wp-hook.php(324): MiniappFilm->custom_filter_film('<select  name='...')
#1 C:\xampp\htdocs\practice-plugin-wordpress\wp-includes\plugin.php(205): WP_Hook->apply_filters('<select  name='...', Array)
#2 C:\xampp\htdocs\practice-plugin-wordpress\wp-content\plugins\woocommerce\includes\admin\list-tables\class-wc-admin-list-table-products.php(316): apply_filters('woocommerce_pro...', '<select  name='...')
#3 C:\xampp\htdocs\practice-plugin-wordpress\wp-content\plugins\woocommerce\includes\admin\list-tables\abstract-class-wc-admin-list-table.php(104): WC_Admin_List_Table_Products->render_filters()
#4 C:\xampp\htdocs\practice-plugin-wordpress\wp-includes\class-wp-hook.php(326): WC_Admin_List_Table->restrict_manage_posts('product')
#5 C:\xampp\htdocs\practice-plugin-wordpress\wp-includes\class-wp-hook.php(348): WP_Hook->apply_filters('', Array)
#6 C:\xampp\htdocs\practice-plugin-wordpress\wp-includes\plugin.php(517): WP_Hook->do_action(Array)
#7 C:\xampp\htdocs\practice-plugin-wordpress\wp-admin\includes\class-wp-posts-list-table.php(594): do_action('restrict_manage...', 'product', 'top')
#8 C:\xampp\htdocs\practice-plugin-wordpress\wp-admin\includes\class-wp-list-table.php(1684): WP_Posts_List_Table->extra_tablenav('top')
#9 C:\xampp\htdocs\practice-plugin-wordpress\wp-admin\includes\class-wp-list-table.php(1617): WP_List_Table->display_tablenav('top')
#10 C:\xampp\htdocs\practice-plugin-wordpress\wp-admin\edit.php(503): WP_List_Table->display()
#11 {main}
  thrown in C:\xampp\htdocs\practice-plugin-wordpress\wp-content\plugins\miniapp-film\miniapp-film.php on line 252

